<?xml version="1.0" encoding="UTF-8"?>
<!-- Generated by org.testng.reporters.JUnitReportReporter -->
<testsuite hostname="DESKTOP-FE62LF4" failures="0" tests="4" name="test_suite.LoginAsDeveloper" time="17.722" errors="0" timestamp="2020-07-21T20:31:14 IST" skipped="0">
  <testcase classname="test_suite.LoginAsDeveloper" name="LoginToCMP" time="7.714"/>
  <system-out/>
  <testcase classname="test_suite.LoginAsDeveloper" name="Servers" time="3.435"/>
  <system-out/>
  <testcase classname="test_suite.LoginAsDeveloper" name="Services" time="4.126"/>
  <system-out/>
  <testcase classname="test_suite.LoginAsDeveloper" name="Groups" time="2.447"/>
  <system-out/>
</testsuite> <!-- test_suite.LoginAsDeveloper -->
