<?xml version="1.0" encoding="UTF-8"?>
<!-- Generated by org.testng.reporters.JUnitReportReporter -->
<testsuite hostname="DESKTOP-FE62LF4" failures="0" tests="4" name="test_suite.LoginAsDeveloper" time="18.250" errors="0" timestamp="2020-07-20T13:27:24 IST" skipped="0">
  <testcase classname="test_suite.LoginAsDeveloper" name="LoginToCMP" time="6.662"/>
  <system-out/>
  <testcase classname="test_suite.LoginAsDeveloper" name="Servers" time="3.580"/>
  <system-out/>
  <testcase classname="test_suite.LoginAsDeveloper" name="Services" time="3.498"/>
  <system-out/>
  <testcase classname="test_suite.LoginAsDeveloper" name="Groups" time="4.510"/>
  <system-out/>
</testsuite> <!-- test_suite.LoginAsDeveloper -->
