<?xml version="1.0" encoding="UTF-8"?>
<!-- Generated by org.testng.reporters.JUnitReportReporter -->
<testsuite hostname="DESKTOP-FE62LF4" failures="0" tests="4" name="test_suite.LoginAsDeveOpsAdmin" time="15.668" errors="0" timestamp="2020-07-20T13:33:44 IST" skipped="0">
  <testcase classname="test_suite.LoginAsDeveOpsAdmin" name="LoginToCMP" time="6.374"/>
  <system-out/>
  <testcase classname="test_suite.LoginAsDeveOpsAdmin" name="Servers" time="3.204"/>
  <system-out/>
  <testcase classname="test_suite.LoginAsDeveOpsAdmin" name="Services" time="3.360"/>
  <system-out/>
  <testcase classname="test_suite.LoginAsDeveOpsAdmin" name="Groups" time="2.730"/>
  <system-out/>
</testsuite> <!-- test_suite.LoginAsDeveOpsAdmin -->
